Arguments: 
  D:\Program\nodejs\node.exe D:\Program\nodejs\global\node_modules\yarn\bin\yarn.js install

PATH: 
  D:\Program\Xftp 6\;D:\Program\Xshell 6\;C:\ProgramData\Oracle\Java\javapath;C:\Windows\system32;C:\Windows;C:\Windows\System32\Wbem;C:\Windows\System32\WindowsPowerShell\v1.0\;C:\Windows\System32\OpenSSH\;C:\Program Files (x86)\Common Files\Thunder Network\KanKan\Codecs;C:\Program Files\TortoiseGit\bin;D:\Program\Go\bin;;C:\Program Files\NVIDIA Corporation\NVIDIA NvDLISR;C:\Users\86180\AppData\Local\Microsoft\WindowsApps;D:\Program\Python27;D:\Program\nodejs;D:\Program\Go\bin;D:\Program\Git\bin;C:\Users\86180\go\bin;D:\Program\nodejs\bin;D:\Program\Linux\GnuWin32\bin;

Yarn version: 
  1.21.0

Node version: 
  12.4.0

Platform: 
  win32 x64

Trace: 
  Error: connect ECONNREFUSED 192.168.1.24:80
      at TCPConnectWrap.afterConnect [as oncomplete] (net.js:1054:14)

npm manifest: 
  {
    "name": "oni-db",
    "version": "1.0.0",
    "main": "index.js",
    "repository": "git@github.com:ugrg/oni-db.git",
    "author": "ugrg <ugrg@163.com>",
    "license": "MIT",
    "scripts": {
      "decode": "node --experimental-modules src/decode.mjs"
    },
    "devDependencies": {},
    "dependencies": {
      "@msgpack/msgpack": "^2.3.0"
    }
  }

yarn manifest: 
  No manifest

Lockfile: 
  # THIS IS AN AUTOGENERATED FILE. DO NOT EDIT THIS FILE DIRECTLY.
  # yarn lockfile v1
  
  
  "@msgpack/msgpack@^2.3.0":
    version "2.3.0"
    resolved "http://registry.npmjs.ugrg.trade/@msgpack%2fmsgpack/-/msgpack-2.3.0.tgz#a9043b920837b2dd63482e7bf6b8345813e9816b"
    integrity sha1-qQQ7kgg3st1jSC579rg0WBPpgWs=
